Starting sync...
Collected information.
Sync complete.
Starting sync...
Collected information.
Sync complete.
Starting sync...
Collected information.
Sync complete.
Starting sync...
Collected information.
Sync complete.
Starting sync...
Collected information.
Sync complete.
Starting sync...
Collected information.
Sync complete.
Starting sync...
Collecting information from Custard database...
Collected information.
Connecting to the database...
Sync complete.
Starting sync...
Collecting information from Custard database...
Collected information.
Connecting to the database...
Sync complete.
Starting sync...
Collecting information from Custard database...
Collected information.
Connecting to the database...
Sync complete.
Thu Mar 17 08:50:37 PDT 2016
Starting sync...
Collecting information from Custard database...
Collected information.
Connecting to the database...
Sync complete.
Thu Mar 17 09:02:23 PDT 2016
Starting sync...
Collecting information from Custard database...
Collected information.
Connecting to the database...
Sync complete.
Thu Mar 17 09:06:48 PDT 2016
Starting sync...
Collecting information from Custard database...
Collected information.
Connecting to the database...
Sync complete.
Thu Mar 17 09:19:44 PDT 2016
Starting sync...
Collecting information from Custard database...
Collected information.
Connecting to the database...
Checking tickets...
Sync complete.
